# JRE version: Java(TM) SE Runtime Environment (8.0_144-b01) (build 1.8.0_144-b01)
# Java VM: Java HotSpot(TM) 64-Bit Server VM (25.144-b01 mixed mode bsd-amd64 compressed oops)
Heap:
 PSYoungGen      total 236032K, used 23315K [0x00000007b0000000, 0x00000007c0000000, 0x00000007c0000000)
  eden space 209408K, 3% used [0x00000007b0000000,0x00000007b07505d0,0x00000007bcc80000)
  from space 26624K, 59% used [0x00000007be600000,0x00000007bf574960,0x00000007c0000000)
  to   space 26112K, 0% used [0x00000007bcc80000,0x00000007bcc80000,0x00000007be600000)
 ParOldGen       total 524288K, used 76330K [0x0000000790000000, 0x00000007b0000000, 0x00000007b0000000)
  object space 524288K, 14% used [0x0000000790000000,0x0000000794a8aa48,0x00000007b0000000)
 Metaspace       used 62014K, capacity 63558K, committed 63640K, reserved 1103872K
  class space    used 7832K, capacity 8283K, committed 8352K, reserved 1048576K
GC Heap History (10 events):
Event: 9.614 GC heap before
{Heap before GC invocations=19 (full 2):
 PSYoungGen      total 237568K, used 224271K [0x00000007b0000000, 0x00000007c0000000, 0x00000007c0000000)
  eden space 211968K, 100% used [0x00000007b0000000,0x00000007bcf00000,0x00000007bcf00000)
  from space 25600K, 48% used [0x00000007be700000,0x00000007bf303c18,0x00000007c0000000)
  to   space 24576K, 0% used [0x00000007bcf00000,0x00000007bcf00000,0x00000007be700000)
 ParOldGen       total 524288K, used 53611K [0x0000000790000000, 0x00000007b0000000, 0x00000007b0000000)
  object space 524288K, 10% used [0x0000000790000000,0x000000079345ad20,0x00000007b0000000)
 Metaspace       used 55204K, capacity 56252K, committed 56488K, reserved 1097728K
  class space    used 6942K, capacity 7224K, committed 7344K, reserved 1048576K
Event: 9.637 GC heap after
Heap after GC invocations=19 (full 2):
 PSYoungGen      total 233472K, used 21436K [0x00000007b0000000, 0x00000007c0000000, 0x00000007c0000000)
  eden space 211968K, 0% used [0x00000007b0000000,0x00000007b0000000,0x00000007bcf00000)
  from space 21504K, 99% used [0x00000007bcf00000,0x00000007be3ef198,0x00000007be400000)
  to   space 26624K, 0% used [0x00000007be600000,0x00000007be600000,0x00000007c0000000)
 ParOldGen       total 524288K, used 57210K [0x0000000790000000, 0x00000007b0000000, 0x00000007b0000000)
  object space 524288K, 10% used [0x0000000790000000,0x00000007937debb0,0x00000007b0000000)
 Metaspace       used 55204K, capacity 56252K, committed 56488K, reserved 1097728K
  class space    used 6942K, capacity 7224K, committed 7344K, reserved 1048576K
}
Event: 10.336 GC heap before
{Heap before GC invocations=20 (full 2):
 PSYoungGen      total 233472K, used 111237K [0x00000007b0000000, 0x00000007c0000000, 0x00000007c0000000)
  eden space 211968K, 42% used [0x00000007b0000000,0x00000007b57b2468,0x00000007bcf00000)
  from space 21504K, 99% used [0x00000007bcf00000,0x00000007be3ef198,0x00000007be400000)
  to   space 26624K, 0% used [0x00000007be600000,0x00000007be600000,0x00000007c0000000)
 ParOldGen       total 524288K, used 57210K [0x0000000790000000, 0x00000007b0000000, 0x00000007b0000000)
  object space 524288K, 10% used [0x0000000790000000,0x00000007937debb0,0x00000007b0000000)
 Metaspace       used 57961K, capacity 59014K, committed 59160K, reserved 1101824K
  class space    used 7299K, capacity 7610K, committed 7712K, reserved 1048576K
Event: 10.364 GC heap after
Heap after GC invocations=20 (full 2):
 PSYoungGen      total 236032K, used 16957K [0x00000007b0000000, 0x00000007c0000000, 0x00000007c0000000)
  eden space 209408K, 0% used [0x00000007b0000000,0x00000007b0000000,0x00000007bcc80000)
  from space 26624K, 63% used [0x00000007be600000,0x00000007bf68f610,0x00000007c0000000)
  to   space 26112K, 0% used [0x00000007bcc80000,0x00000007bcc80000,0x00000007be600000)
 ParOldGen       total 524288K, used 63815K [0x0000000790000000, 0x00000007b0000000, 0x00000007b0000000)
  object space 524288K, 12% used [0x0000000790000000,0x0000000793e51c40,0x00000007b0000000)
 Metaspace       used 57961K, capacity 59014K, committed 59160K, reserved 1101824K
  class space    used 7299K, capacity 7610K, committed 7712K, reserved 1048576K
}
Event: 10.364 GC heap before
{Heap before GC invocations=21 (full 3):
 PSYoungGen      total 236032K, used 16957K [0x00000007b0000000, 0x00000007c0000000, 0x00000007c0000000)
  eden space 209408K, 0% used [0x00000007b0000000,0x00000007b0000000,0x00000007bcc80000)
  from space 26624K, 63% used [0x00000007be600000,0x00000007bf68f610,0x00000007c0000000)
  to   space 26112K, 0% used [0x00000007bcc80000,0x00000007bcc80000,0x00000007be600000)
 ParOldGen       total 524288K, used 63815K [0x0000000790000000, 0x00000007b0000000, 0x00000007b0000000)
  object space 524288K, 12% used [0x0000000790000000,0x0000000793e51c40,0x00000007b0000000)
 Metaspace       used 57961K, capacity 59014K, committed 59160K, reserved 1101824K
  class space    used 7299K, capacity 7610K, committed 7712K, reserved 1048576K
Event: 10.820 GC heap after
Heap after GC invocations=21 (full 3):
 PSYoungGen      total 236032K, used 0K [0x00000007b0000000, 0x00000007c0000000, 0x00000007c0000000)
  eden space 209408K, 0% used [0x00000007b0000000,0x00000007b0000000,0x00000007bcc80000)
  from space 26624K, 0% used [0x00000007be600000,0x00000007be600000,0x00000007c0000000)
  to   space 26112K, 0% used [0x00000007bcc80000,0x00000007bcc80000,0x00000007be600000)
 ParOldGen       total 524288K, used 76314K [0x0000000790000000, 0x00000007b0000000, 0x00000007b0000000)
  object space 524288K, 14% used [0x0000000790000000,0x0000000794a86a48,0x00000007b0000000)
 Metaspace       used 57961K, capacity 59014K, committed 59160K, reserved 1101824K
  class space    used 7299K, capacity 7610K, committed 7712K, reserved 1048576K
}
Event: 35.487 GC heap before
{Heap before GC invocations=22 (full 3):
 PSYoungGen      total 236032K, used 209408K [0x00000007b0000000, 0x00000007c0000000, 0x00000007c0000000)
  eden space 209408K, 100% used [0x00000007b0000000,0x00000007bcc80000,0x00000007bcc80000)
  from space 26624K, 0% used [0x00000007be600000,0x00000007be600000,0x00000007c0000000)
  to   space 26112K, 0% used [0x00000007bcc80000,0x00000007bcc80000,0x00000007be600000)
 ParOldGen       total 524288K, used 76314K [0x0000000790000000, 0x00000007b0000000, 0x00000007b0000000)
  object space 524288K, 14% used [0x0000000790000000,0x0000000794a86a48,0x00000007b0000000)
 Metaspace       used 59614K, capacity 60956K, committed 61208K, reserved 1101824K
  class space    used 7552K, capacity 7927K, committed 7968K, reserved 1048576K
Event: 35.495 GC heap after
Heap after GC invocations=22 (full 3):
 PSYoungGen      total 235520K, used 7645K [0x00000007b0000000, 0x00000007c0000000, 0x00000007c0000000)
  eden space 209408K, 0% used [0x00000007b0000000,0x00000007b0000000,0x00000007bcc80000)
  from space 26112K, 29% used [0x00000007bcc80000,0x00000007bd3f7458,0x00000007be600000)
  to   space 26624K, 0% used [0x00000007be600000,0x00000007be600000,0x00000007c0000000)
 ParOldGen       total 524288K, used 76322K [0x0000000790000000, 0x00000007b0000000, 0x00000007b0000000)
  object space 524288K, 14% used [0x0000000790000000,0x0000000794a88a48,0x00000007b0000000)
 Metaspace       used 59614K, capacity 60956K, committed 61208K, reserved 1101824K
  class space    used 7552K, capacity 7927K, committed 7968K, reserved 1048576K
}
Event: 474.426 GC heap before
{Heap before GC invocations=23 (full 3):
 PSYoungGen      total 235520K, used 217053K [0x00000007b0000000, 0x00000007c0000000, 0x00000007c0000000)
  eden space 209408K, 100% used [0x00000007b0000000,0x00000007bcc80000,0x00000007bcc80000)
  from space 26112K, 29% used [0x00000007bcc80000,0x00000007bd3f7458,0x00000007be600000)
  to   space 26624K, 0% used [0x00000007be600000,0x00000007be600000,0x00000007c0000000)
 ParOldGen       total 524288K, used 76322K [0x0000000790000000, 0x00000007b0000000, 0x00000007b0000000)
  object space 524288K, 14% used [0x0000000790000000,0x0000000794a88a48,0x00000007b0000000)
 Metaspace       used 61984K, capacity 63504K, committed 63640K, reserved 1103872K
  class space    used 7824K, capacity 8272K, committed 8352K, reserved 1048576K
Event: 474.442 GC heap after
Heap after GC invocations=23 (full 3):
 PSYoungGen      total 236032K, used 15826K [0x00000007b0000000, 0x00000007c0000000, 0x00000007c0000000)
  eden space 209408K, 0% used [0x00000007b0000000,0x00000007b0000000,0x00000007bcc80000)
  from space 26624K, 59% used [0x00000007be600000,0x00000007bf574960,0x00000007c0000000)
  to   space 26112K, 0% used [0x00000007bcc80000,0x00000007bcc80000,0x00000007be600000)
 ParOldGen       total 524288K, used 76330K [0x0000000790000000, 0x00000007b0000000, 0x00000007b0000000)
  object space 524288K, 14% used [0x0000000790000000,0x0000000794a8aa48,0x00000007b0000000)
 Metaspace       used 61984K, capacity 63504K, committed 63640K, reserved 1103872K
  class space    used 7824K, capacity 8272K, committed 8352K, reserved 1048576K
}

